Analysis & Synthesis report for SINGLERAM
Tue Nov 14 23:23:12 2017
Quartus II 64-Bit Version 13.0.1 Build 232 06/12/2013 Service Pack 1 SJ Web Edition


---------------------
; Table of Contents ;
---------------------
  1. Legal Notice
  2. Analysis & Synthesis Summary
  3. Analysis & Synthesis Settings
  4. Parallel Compilation
  5. Analysis & Synthesis Messages



----------------
; Legal Notice ;
----------------
Copyright (C) 1991-2013 Altera Corporation
Your use of Altera Corporation's design tools, logic functions 
and other software and tools, and its AMPP partner logic 
functions, and any output files from any of the foregoing 
(including device programming or simulation files), and any 
associated documentation or information are expressly subject 
to the terms and conditions of the Altera Program License 
Subscription Agreement, Altera MegaCore Function License 
Agreement, or other applicable license agreement, including, 
without limitation, that your use is for the sole purpose of 
programming logic devices manufactured by Altera and sold by 
Altera or its authorized distributors.  Please refer to the 
applicable agreement for further details.



+--------------------------------------------------------------------------------------+
; Analysis & Synthesis Summary                                                         ;
+------------------------------------+-------------------------------------------------+
; Analysis & Synthesis Status        ; Failed - Tue Nov 14 23:23:12 2017               ;
; Quartus II 64-Bit Version          ; 13.0.1 Build 232 06/12/2013 SP 1 SJ Web Edition ;
; Revision Name                      ; SINGLERAM                                       ;
; Top-level Entity Name              ; 16x4SRAM                                        ;
; Family                             ; Cyclone II                                      ;
; Total logic elements               ; N/A until Partition Merge                       ;
;     Total combinational functions  ; N/A until Partition Merge                       ;
;     Dedicated logic registers      ; N/A until Partition Merge                       ;
; Total registers                    ; N/A until Partition Merge                       ;
; Total pins                         ; N/A until Partition Merge                       ;
; Total virtual pins                 ; N/A until Partition Merge                       ;
; Total memory bits                  ; N/A until Partition Merge                       ;
; Embedded Multiplier 9-bit elements ; N/A until Partition Merge                       ;
; Total PLLs                         ; N/A until Partition Merge                       ;
+------------------------------------+-------------------------------------------------+


+----------------------------------------------------------------------------------------------------------------------+
; Analysis & Synthesis Settings                                                                                        ;
+----------------------------------------------------------------------------+--------------------+--------------------+
; Option                                                                     ; Setting            ; Default Value      ;
+----------------------------------------------------------------------------+--------------------+--------------------+
; Device                                                                     ; EP2C35F672C6       ;                    ;
; Top-level entity name                                                      ; 16x4SRAM           ; SINGLERAM          ;
; Family name                                                                ; Cyclone II         ; Cyclone IV GX      ;
; Use smart compilation                                                      ; Off                ; Off                ;
; Enable parallel Assembler and TimeQuest Timing Analyzer during compilation ; On                 ; On                 ;
; Enable compact report table                                                ; Off                ; Off                ;
; Restructure Multiplexers                                                   ; Auto               ; Auto               ;
; Create Debugging Nodes for IP Cores                                        ; Off                ; Off                ;
; Preserve fewer node names                                                  ; On                 ; On                 ;
; Disable OpenCore Plus hardware evaluation                                  ; Off                ; Off                ;
; Verilog Version                                                            ; Verilog_2001       ; Verilog_2001       ;
; VHDL Version                                                               ; VHDL_1993          ; VHDL_1993          ;
; State Machine Processing                                                   ; Auto               ; Auto               ;
; Safe State Machine                                                         ; Off                ; Off                ;
; Extract Verilog State Machines                                             ; On                 ; On                 ;
; Extract VHDL State Machines                                                ; On                 ; On                 ;
; Ignore Verilog initial constructs                                          ; Off                ; Off                ;
; Iteration limit for constant Verilog loops                                 ; 5000               ; 5000               ;
; Iteration limit for non-constant Verilog loops                             ; 250                ; 250                ;
; Add Pass-Through Logic to Inferred RAMs                                    ; On                 ; On                 ;
; Infer RAMs from Raw Logic                                                  ; On                 ; On                 ;
; Parallel Synthesis                                                         ; On                 ; On                 ;
; DSP Block Balancing                                                        ; Auto               ; Auto               ;
; NOT Gate Push-Back                                                         ; On                 ; On                 ;
; Power-Up Don't Care                                                        ; On                 ; On                 ;
; Remove Redundant Logic Cells                                               ; Off                ; Off                ;
; Remove Duplicate Registers                                                 ; On                 ; On                 ;
; Ignore CARRY Buffers                                                       ; Off                ; Off                ;
; Ignore CASCADE Buffers                                                     ; Off                ; Off                ;
; Ignore GLOBAL Buffers                                                      ; Off                ; Off                ;
; Ignore ROW GLOBAL Buffers                                                  ; Off                ; Off                ;
; Ignore LCELL Buffers                                                       ; Off                ; Off                ;
; Ignore SOFT Buffers                                                        ; On                 ; On                 ;
; Limit AHDL Integers to 32 Bits                                             ; Off                ; Off                ;
; Optimization Technique                                                     ; Balanced           ; Balanced           ;
; Carry Chain Length                                                         ; 70                 ; 70                 ;
; Auto Carry Chains                                                          ; On                 ; On                 ;
; Auto Open-Drain Pins                                                       ; On                 ; On                 ;
; Perform WYSIWYG Primitive Resynthesis                                      ; Off                ; Off                ;
; Auto ROM Replacement                                                       ; On                 ; On                 ;
; Auto RAM Replacement                                                       ; On                 ; On                 ;
; Auto Shift Register Replacement                                            ; Auto               ; Auto               ;
; Allow Shift Register Merging across Hierarchies                            ; Auto               ; Auto               ;
; Auto Clock Enable Replacement                                              ; On                 ; On                 ;
; Strict RAM Replacement                                                     ; Off                ; Off                ;
; Allow Synchronous Control Signals                                          ; On                 ; On                 ;
; Force Use of Synchronous Clear Signals                                     ; Off                ; Off                ;
; Auto RAM to Logic Cell Conversion                                          ; Off                ; Off                ;
; Auto Resource Sharing                                                      ; Off                ; Off                ;
; Allow Any RAM Size For Recognition                                         ; Off                ; Off                ;
; Allow Any ROM Size For Recognition                                         ; Off                ; Off                ;
; Allow Any Shift Register Size For Recognition                              ; Off                ; Off                ;
; Use LogicLock Constraints during Resource Balancing                        ; On                 ; On                 ;
; Ignore translate_off and synthesis_off directives                          ; Off                ; Off                ;
; Timing-Driven Synthesis                                                    ; Off                ; Off                ;
; Report Parameter Settings                                                  ; On                 ; On                 ;
; Report Source Assignments                                                  ; On                 ; On                 ;
; Report Connectivity Checks                                                 ; On                 ; On                 ;
; Ignore Maximum Fan-Out Assignments                                         ; Off                ; Off                ;
; Synchronization Register Chain Length                                      ; 2                  ; 2                  ;
; PowerPlay Power Optimization                                               ; Normal compilation ; Normal compilation ;
; HDL message level                                                          ; Level2             ; Level2             ;
; Suppress Register Optimization Related Messages                            ; Off                ; Off                ;
; Number of Removed Registers Reported in Synthesis Report                   ; 5000               ; 5000               ;
; Number of Swept Nodes Reported in Synthesis Report                         ; 5000               ; 5000               ;
; Number of Inverted Registers Reported in Synthesis Report                  ; 100                ; 100                ;
; Clock MUX Protection                                                       ; On                 ; On                 ;
; Auto Gated Clock Conversion                                                ; Off                ; Off                ;
; Block Design Naming                                                        ; Auto               ; Auto               ;
; SDC constraint protection                                                  ; Off                ; Off                ;
; Synthesis Effort                                                           ; Auto               ; Auto               ;
; Shift Register Replacement - Allow Asynchronous Clear Signal               ; On                 ; On                 ;
; Pre-Mapping Resynthesis Optimization                                       ; Off                ; Off                ;
; Analysis & Synthesis Message Level                                         ; Medium             ; Medium             ;
; Disable Register Merging Across Hierarchies                                ; Auto               ; Auto               ;
; Resource Aware Inference For Block RAM                                     ; On                 ; On                 ;
; Synthesis Seed                                                             ; 1                  ; 1                  ;
+----------------------------------------------------------------------------+--------------------+--------------------+


Parallel compilation was disabled, but you have multiple processors available. Enable parallel compilation to reduce compilation time.
+-------------------------------------+
; Parallel Compilation                ;
+----------------------------+--------+
; Processors                 ; Number ;
+----------------------------+--------+
; Number detected on machine ; 4      ;
; Maximum allowed            ; 1      ;
+----------------------------+--------+


+-------------------------------+
; Analysis & Synthesis Messages ;
+-------------------------------+
Info: *******************************************************************
Info: Running Quartus II 64-Bit Analysis & Synthesis
    Info: Version 13.0.1 Build 232 06/12/2013 Service Pack 1 SJ Web Edition
    Info: Processing started: Tue Nov 14 23:23:10 2017
Info: Command: quartus_map --read_settings_files=on --write_settings_files=off SINGLERAM -c SINGLERAM
Warning (20028): Parallel compilation is not licensed and has been disabled
Info (12021): Found 2 design units, including 1 entities, in source file hammam_bcd.vhd
    Info (12022): Found design unit 1: bcd-arch
    Info (12023): Found entity 1: bcd
Info (12021): Found 1 design units, including 1 entities, in source file singlesram.bdf
    Info (12023): Found entity 1: SINGLESRAM
Info (12021): Found 1 design units, including 1 entities, in source file 1by4sram.bdf
    Info (12023): Found entity 1: 1by4SRAM
Info (12021): Found 1 design units, including 1 entities, in source file 16x4sram.bdf
    Info (12023): Found entity 1: 16x4SRAM
Info (12021): Found 2 design units, including 1 entities, in source file tristate.vhd
    Info (12022): Found design unit 1: tristate-arch
    Info (12023): Found entity 1: tristate
Info (12021): Found 2 design units, including 1 entities, in source file dlatch.vhd
    Info (12022): Found design unit 1: SRAM1-arch
    Info (12023): Found entity 1: SRAM1
Info (12021): Found 2 design units, including 1 entities, in source file decode4to7.vhd
    Info (12022): Found design unit 1: decode4to16-arch
    Info (12023): Found entity 1: decode4to16
Info (12127): Elaborating entity "16x4SRAM" for the top level hierarchy
Error (275029): Incorrect connector style at port "o" for symbol "inst1" of type SRAM1
Error (275029): Incorrect connector style at port "i" for symbol "inst2" of type SRAM1
Error (275029): Incorrect connector style at port "o" for symbol "inst3" of type SRAM1
Error (275029): Incorrect connector style at port "i" for symbol "inst4" of type SRAM1
Error (275029): Incorrect connector style at port "o" for symbol "inst7" of type SRAM1
Error (275029): Incorrect connector style at port "i" for symbol "inst8" of type SRAM1
Error (275029): Incorrect connector style at port "o" for symbol "inst10" of type SRAM1
Error (275029): Incorrect connector style at port "i" for symbol "inst11" of type SRAM1
Error (275029): Incorrect connector style at port "o" for symbol "inst13" of type SRAM1
Error (275029): Incorrect connector style at port "i" for symbol "inst14" of type SRAM1
Error (275029): Incorrect connector style at port "o" for symbol "inst16" of type SRAM1
Error (275029): Incorrect connector style at port "i" for symbol "inst17" of type SRAM1
Error (275029): Incorrect connector style at port "o" for symbol "inst19" of type SRAM1
Error (275029): Incorrect connector style at port "i" for symbol "inst20" of type SRAM1
Error (275029): Incorrect connector style at port "o" for symbol "inst22" of type SRAM1
Error (275029): Incorrect connector style at port "i" for symbol "inst24" of type SRAM1
Error (275029): Incorrect connector style at port "o" for symbol "inst26" of type SRAM1
Error (275029): Incorrect connector style at port "i" for symbol "inst27" of type SRAM1
Error (275029): Incorrect connector style at port "o" for symbol "inst30" of type SRAM1
Error (275029): Incorrect connector style at port "i" for symbol "inst31" of type SRAM1
Error (275029): Incorrect connector style at port "o" for symbol "inst33" of type SRAM1
Error (275029): Incorrect connector style at port "i" for symbol "inst34" of type SRAM1
Error (275029): Incorrect connector style at port "o" for symbol "inst36" of type SRAM1
Error (275029): Incorrect connector style at port "i" for symbol "inst37" of type SRAM1
Error (275029): Incorrect connector style at port "o" for symbol "inst39" of type SRAM1
Error (275029): Incorrect connector style at port "i" for symbol "inst40" of type SRAM1
Error (275029): Incorrect connector style at port "o" for symbol "inst43" of type SRAM1
Error (275029): Incorrect connector style at port "i" for symbol "inst44" of type SRAM1
Error (275029): Incorrect connector style at port "o" for symbol "inst46" of type SRAM1
Error (275029): Incorrect connector style at port "i" for symbol "inst47" of type SRAM1
Error (275029): Incorrect connector style at port "o" for symbol "inst49" of type SRAM1
Error (275029): Incorrect connector style at port "i" for symbol "inst50" of type SRAM1
Error (275029): Incorrect connector style at port "o" for symbol "inst52" of type SRAM1
Error (275029): Incorrect connector style at port "i" for symbol "inst53" of type SRAM1
Error (275029): Incorrect connector style at port "o" for symbol "inst56" of type SRAM1
Error (275029): Incorrect connector style at port "i" for symbol "inst57" of type SRAM1
Error (275029): Incorrect connector style at port "o" for symbol "inst59" of type SRAM1
Error (275029): Incorrect connector style at port "i" for symbol "inst60" of type SRAM1
Error (275029): Incorrect connector style at port "o" for symbol "inst62" of type SRAM1
Error (275029): Incorrect connector style at port "i" for symbol "inst63" of type SRAM1
Error (275029): Incorrect connector style at port "o" for symbol "inst65" of type SRAM1
Error (275029): Incorrect connector style at port "i" for symbol "inst66" of type SRAM1
Error (275029): Incorrect connector style at port "o" for symbol "inst69" of type SRAM1
Error (275029): Incorrect connector style at port "i" for symbol "inst70" of type SRAM1
Error (275029): Incorrect connector style at port "o" for symbol "inst72" of type SRAM1
Error (275029): Incorrect connector style at port "i" for symbol "inst73" of type SRAM1
Error (275029): Incorrect connector style at port "o" for symbol "inst75" of type SRAM1
Error (275029): Incorrect connector style at port "i" for symbol "inst76" of type SRAM1
Error (275029): Incorrect connector style at port "o" for symbol "inst78" of type SRAM1
Error (275029): Incorrect connector style at port "i" for symbol "inst79" of type SRAM1
Error (275029): Incorrect connector style at port "o" for symbol "inst82" of type SRAM1
Error (275029): Incorrect connector style at port "i" for symbol "inst83" of type SRAM1
Error (275029): Incorrect connector style at port "o" for symbol "inst85" of type SRAM1
Error (275029): Incorrect connector style at port "i" for symbol "inst86" of type SRAM1
Error (275029): Incorrect connector style at port "o" for symbol "inst88" of type SRAM1
Error (275029): Incorrect connector style at port "i" for symbol "inst89" of type SRAM1
Error (275029): Incorrect connector style at port "o" for symbol "inst91" of type SRAM1
Error (275029): Incorrect connector style at port "i" for symbol "inst92" of type SRAM1
Error (275029): Incorrect connector style at port "o" for symbol "inst95" of type SRAM1
Error (275029): Incorrect connector style at port "i" for symbol "inst96" of type SRAM1
Error (275029): Incorrect connector style at port "o" for symbol "inst98" of type SRAM1
Error (275029): Incorrect connector style at port "i" for symbol "inst99" of type SRAM1
Error (275029): Incorrect connector style at port "o" for symbol "inst101" of type SRAM1
Error (275029): Incorrect connector style at port "i" for symbol "inst102" of type SRAM1
Error (275029): Incorrect connector style at port "o" for symbol "inst104" of type SRAM1
Error (275029): Incorrect connector style at port "i" for symbol "inst105" of type SRAM1
Error (275029): Incorrect connector style at port "o" for symbol "inst108" of type SRAM1
Error (275029): Incorrect connector style at port "i" for symbol "inst109" of type SRAM1
Error (275029): Incorrect connector style at port "o" for symbol "inst111" of type SRAM1
Error (275029): Incorrect connector style at port "i" for symbol "inst112" of type SRAM1
Error (275029): Incorrect connector style at port "o" for symbol "inst114" of type SRAM1
Error (275029): Incorrect connector style at port "i" for symbol "inst115" of type SRAM1
Error (275029): Incorrect connector style at port "o" for symbol "inst117" of type SRAM1
Error (275029): Incorrect connector style at port "i" for symbol "inst118" of type SRAM1
Error (275029): Incorrect connector style at port "o" for symbol "inst121" of type SRAM1
Error (275029): Incorrect connector style at port "i" for symbol "inst122" of type SRAM1
Error (275029): Incorrect connector style at port "o" for symbol "inst124" of type SRAM1
Error (275029): Incorrect connector style at port "i" for symbol "inst125" of type SRAM1
Error (275029): Incorrect connector style at port "o" for symbol "inst127" of type SRAM1
Error (275029): Incorrect connector style at port "i" for symbol "inst128" of type SRAM1
Error (275029): Incorrect connector style at port "o" for symbol "inst130" of type SRAM1
Error (275029): Incorrect connector style at port "i" for symbol "inst131" of type SRAM1
Error (275029): Incorrect connector style at port "o" for symbol "inst134" of type SRAM1
Error (275029): Incorrect connector style at port "i" for symbol "inst135" of type SRAM1
Error (275029): Incorrect connector style at port "o" for symbol "inst137" of type SRAM1
Error (275029): Incorrect connector style at port "i" for symbol "inst138" of type SRAM1
Error (275029): Incorrect connector style at port "o" for symbol "inst140" of type SRAM1
Error (275029): Incorrect connector style at port "i" for symbol "inst141" of type SRAM1
Error (275029): Incorrect connector style at port "o" for symbol "inst143" of type SRAM1
Error (275029): Incorrect connector style at port "i" for symbol "inst144" of type SRAM1
Error (275029): Incorrect connector style at port "o" for symbol "inst147" of type SRAM1
Error (275029): Incorrect connector style at port "i" for symbol "inst148" of type SRAM1
Error (275029): Incorrect connector style at port "o" for symbol "inst150" of type SRAM1
Error (275029): Incorrect connector style at port "i" for symbol "inst151" of type SRAM1
Error (275029): Incorrect connector style at port "o" for symbol "inst153" of type SRAM1
Error (275029): Incorrect connector style at port "i" for symbol "inst154" of type SRAM1
Error (275029): Incorrect connector style at port "o" for symbol "inst156" of type SRAM1
Error (275029): Incorrect connector style at port "i" for symbol "inst157" of type SRAM1
Error (275029): Incorrect connector style at port "o" for symbol "inst159" of type SRAM1
Error (275029): Incorrect connector style at port "i" for symbol "inst160" of type SRAM1
Error (275029): Incorrect connector style at port "o" for symbol "inst162" of type SRAM1
Error (275029): Incorrect connector style at port "i" for symbol "inst163" of type SRAM1
Error (275029): Incorrect connector style at port "o" for symbol "inst165" of type SRAM1
Error (275029): Incorrect connector style at port "i" for symbol "inst166" of type SRAM1
Error (275029): Incorrect connector style at port "o" for symbol "inst168" of type SRAM1
Error (275029): Incorrect connector style at port "i" for symbol "inst169" of type SRAM1
Error (275029): Incorrect connector style at port "o" for symbol "inst171" of type SRAM1
Error (275029): Incorrect connector style at port "i" for symbol "inst172" of type SRAM1
Error (275029): Incorrect connector style at port "o" for symbol "inst174" of type SRAM1
Error (275029): Incorrect connector style at port "i" for symbol "inst175" of type SRAM1
Error (275029): Incorrect connector style at port "o" for symbol "inst177" of type SRAM1
Error (275029): Incorrect connector style at port "i" for symbol "inst178" of type SRAM1
Error (275029): Incorrect connector style at port "o" for symbol "inst181" of type SRAM1
Error (275029): Incorrect connector style at port "i" for symbol "inst182" of type SRAM1
Error (275029): Incorrect connector style at port "o" for symbol "inst185" of type SRAM1
Error (275029): Incorrect connector style at port "i" for symbol "inst186" of type SRAM1
Error (275029): Incorrect connector style at port "o" for symbol "inst188" of type SRAM1
Error (275029): Incorrect connector style at port "i" for symbol "inst189" of type SRAM1
Error (275029): Incorrect connector style at port "o" for symbol "inst191" of type SRAM1
Error (275029): Incorrect connector style at port "i" for symbol "inst192" of type SRAM1
Error (275029): Incorrect connector style at port "o" for symbol "inst194" of type SRAM1
Error (275029): Incorrect connector style at port "i" for symbol "inst195" of type SRAM1
Error (275029): Incorrect connector style at port "o" for symbol "inst198" of type SRAM1
Error (275029): Incorrect connector style at port "i" for symbol "inst199" of type SRAM1
Error (275029): Incorrect connector style at port "o" for symbol "inst201" of type SRAM1
Error (275029): Incorrect connector style at port "i" for symbol "inst202" of type SRAM1
Error (275029): Incorrect connector style at port "o" for symbol "inst204" of type SRAM1
Error (275029): Incorrect connector style at port "i" for symbol "inst205" of type SRAM1
Error (275029): Incorrect connector style at port "bin[3..0]" for symbol "inst209" of type bcd
Error (275031): Can't use conduits in network without blocks
Error (275031): Can't use conduits in network without blocks
Error (275031): Can't use conduits in network without blocks
Error (275031): Can't use conduits in network without blocks
Error (275031): Can't use conduits in network without blocks
Error (275031): Can't use conduits in network without blocks
Error (275031): Can't use conduits in network without blocks
Error (275031): Can't use conduits in network without blocks
Error (275031): Can't use conduits in network without blocks
Error (275031): Can't use conduits in network without blocks
Error (275031): Can't use conduits in network without blocks
Error (275031): Can't use conduits in network without blocks
Error (275031): Can't use conduits in network without blocks
Error (275031): Can't use conduits in network without blocks
Error (275031): Can't use conduits in network without blocks
Error (275031): Can't use conduits in network without blocks
Error (275031): Can't use conduits in network without blocks
Error (275031): Can't use conduits in network without blocks
Error (275031): Can't use conduits in network without blocks
Error (275031): Can't use conduits in network without blocks
Error (275031): Can't use conduits in network without blocks
Error (275031): Can't use conduits in network without blocks
Error (275031): Can't use conduits in network without blocks
Error (275031): Can't use conduits in network without blocks
Error (275031): Can't use conduits in network without blocks
Error (275031): Can't use conduits in network without blocks
Error (275031): Can't use conduits in network without blocks
Error (275031): Can't use conduits in network without blocks
Error (275031): Can't use conduits in network without blocks
Error (275031): Can't use conduits in network without blocks
Error (275031): Can't use conduits in network without blocks
Error (275031): Can't use conduits in network without blocks
Error (275031): Can't use conduits in network without blocks
Error (275031): Can't use conduits in network without blocks
Error (275031): Can't use conduits in network without blocks
Error (275031): Can't use conduits in network without blocks
Error (275031): Can't use conduits in network without blocks
Error (275031): Can't use conduits in network without blocks
Error (275031): Can't use conduits in network without blocks
Error (275031): Can't use conduits in network without blocks
Error (275031): Can't use conduits in network without blocks
Error (275031): Can't use conduits in network without blocks
Error (275031): Can't use conduits in network without blocks
Error (275031): Can't use conduits in network without blocks
Error (275031): Can't use conduits in network without blocks
Error (275031): Can't use conduits in network without blocks
Error (275031): Can't use conduits in network without blocks
Error (275031): Can't use conduits in network without blocks
Error (275031): Can't use conduits in network without blocks
Error (275031): Can't use conduits in network without blocks
Error (275031): Can't use conduits in network without blocks
Error (275031): Can't use conduits in network without blocks
Error (275031): Can't use conduits in network without blocks
Error (275031): Can't use conduits in network without blocks
Error (275031): Can't use conduits in network without blocks
Error (275031): Can't use conduits in network without blocks
Error (275031): Can't use conduits in network without blocks
Error (275031): Can't use conduits in network without blocks
Error (275031): Can't use conduits in network without blocks
Error (275031): Can't use conduits in network without blocks
Error (275031): Can't use conduits in network without blocks
Error (275031): Can't use conduits in network without blocks
Error (275031): Can't use conduits in network without blocks
Error (275031): Can't use conduits in network without blocks
Error (12153): Can't elaborate top-level user hierarchy
Error: Quartus II 64-Bit Analysis & Synthesis was unsuccessful. 194 errors, 1 warning
    Error: Peak virtual memory: 512 megabytes
    Error: Processing ended: Tue Nov 14 23:23:12 2017
    Error: Elapsed time: 00:00:02
    Error: Total CPU time (on all processors): 00:00:02


